     1                                  bits 32 ; assembling for the 32 bits architecture
     2                                  
     3                                  ; declare the EntryPoint (a label defining the very first instruction of the program)
     4                                  global start        
     5                                  
     6                                  ; declare external functions needed by our program
     7                                  extern exit               ; tell nasm that exit exists even if we won't be defining it
     8                                  import exit msvcrt.dll    ; exit is a function that ends the calling process. It is defined in msvcrt.dll
     9                                                            ; msvcrt.dll contains exit, printf and all the other important C-runtime specific functions
    10                                  
    11                                  ; our data is declared here (the variables needed by our program)
    12                                  segment data use32 class=data
    13                                      ; ...
    14                                      ;21. (a-b)+(d-c)
    15 00000000 01                          a DB 1
    16 00000001 02                          b DB 2
    17 00000002 03                          c DB 3
    18 00000003 04                          d DB 4
    19                                  ; our code starts here
    20                                  segment code use32 class=code
    21                                      start:
    22                                          ; ...
    23 00000000 A0[00000000]                    mov AL, [a]
    24 00000005 2A05[01000000]                  sub AL, [b]
    25 0000000B 8A1D[03000000]                  mov BL, [d]
    26 00000011 2A1D[02000000]                  sub BL, [c]
    27 00000017 00D8                            add Al, Bl
    28                                          ; exit(0)
    29 00000019 6A00                            push    dword 0      ; push the parameter for exit onto the stack
    30 0000001B FF15[00000000]                  call    [exit]       ; call exit to terminate the program
