     1                                  bits 32 ; assembling for the 32 bits architecture
     2                                  
     3                                  ; declare the EntryPoint (a label defining the very first instruction of the program)
     4                                  global start        
     5                                  
     6                                  ; declare external functions needed by our program
     7                                  extern exit               ; tell nasm that exit exists even if we won't be defining it
     8                                  import exit msvcrt.dll    ; exit is a function that ends the calling process. It is defined in msvcrt.dll
     9                                                            ; msvcrt.dll contains exit, printf and all the other important C-runtime specific functions
    10                                  
    11                                  ; our data is declared here (the variables needed by our program)
    12                                  segment data use32 class=data
    13                                      ; ...
    14 00000000 0102030405                  s db 1,2,3,4,5
    15                                      l equ $-s
    16                                      lend equ l-1
    17 00000005 00<rept>                    d times lend db 0
    18                                  ; our code starts here
    19                                  segment code use32 class=code
    20                                      start:
    21                                          ; ...
    22 00000000 B904000000                      mov ecx, lend
    23 00000005 BE00000000                      mov esi, 0
    24 0000000A E317                            jecxz final
    25                                          repeat:
    26 0000000C 8A86[00000000]                      mov al, [s+esi]
    27 00000012 8A9E[01000000]                      mov bl, [s+esi+1]
    28 00000018 00D8                                add al, bl
    29 0000001A 8886[05000000]                      mov [d+esi], al
    30 00000020 46                                  inc esi
    31 00000021 E2E9                            loop repeat
    32                                          final
    32          ******************       warning: label alone on a line without a colon might be in error [-w+orphan-labels]
    33                                          ; exit(0)
    34 00000023 6A00                            push    dword 0      ; push the parameter for exit onto the stack
    35 00000025 FF15[00000000]                  call    [exit]       ; call exit to terminate the program
